[INFO] 19:42:55:721 Mi-Ram-HQ/(2496:2496): Se inicio el log del Proceso 3 [Mi-Ram-HQ]
[INFO] 19:42:55:725 Mi-Ram-HQ/(2496:2496): Se cargo la config de la RAM
[INFO] 19:42:55:727 Mi-Ram-HQ/(2496:2496): Servidor iniciado
[INFO] 19:45:11:652 Mi-Ram-HQ/(2496:2496): Recib√≠ una conexi√≥n en el socket 5

[INFO] 19:56:09:432 Mi-Ram-HQ/(2865:2865): Se inicio el log del Proceso 3 [Mi-Ram-HQ]
[INFO] 19:56:09:435 Mi-Ram-HQ/(2865:2865): Se cargo la config de la RAM
[INFO] 19:56:09:437 Mi-Ram-HQ/(2865:2865): Servidor iniciado
[INFO] 19:56:17:306 Mi-Ram-HQ/(2865:2865): Recib√≠ una conexi√≥n en el socket 5

[INFO] 19:56:17:307 Mi-Ram-HQ/(2865:2865): Envie mensaje de confirmacion de recepcion al Discordiador
[INFO] 20:00:01:992 Mi-Ram-HQ/(2893:2893): Se inicio el log del Proceso 3 [Mi-Ram-HQ]
[INFO] 20:00:01:997 Mi-Ram-HQ/(2893:2893): Se cargo la config de la RAM
[INFO] 20:00:01:998 Mi-Ram-HQ/(2893:2893): Servidor iniciado
[INFO] 20:00:10:646 Mi-Ram-HQ/(2893:2893): Recib√≠ una conexi√≥n en el socket 5

[INFO] 20:00:10:647 Mi-Ram-HQ/(2893:2893): Recib√≠ 4 bytes: soy ¿o∑PŸNPŸN646 Mi-Ram-HQ/(2893:2893): Recib√≠ una conexi√≥n en el socket 5
X

[INFO] 20:00:10:647 Mi-Ram-HQ/(2893:2893): Envie mensaje de confirmaci√≥n de recepci√≥n al Discordiador
[INFO] 20:00:10:649 Mi-Ram-HQ/(2893:2893): Algo mali√≥ sal al recibir el mensaje
[INFO] 20:01:16:582 Mi-Ram-HQ/(2918:2918): Se inicio el log del Proceso 3 [Mi-Ram-HQ]
[INFO] 20:01:16:585 Mi-Ram-HQ/(2918:2918): Se cargo la config de la RAM
[INFO] 20:01:16:586 Mi-Ram-HQ/(2918:2918): Servidor iniciado
[INFO] 20:01:21:525 Mi-Ram-HQ/(2918:2918): Recib√≠ una conexi√≥n en el socket 5

[INFO] 20:01:21:527 Mi-Ram-HQ/(2918:2918): Envie mensaje de confirmaci√≥n de recepci√≥n al Discordiador
[INFO] 20:01:21:529 Mi-Ram-HQ/(2918:2918): Algo mali√≥ sal al recibir el mensaje
[INFO] 20:02:20:224 Mi-Ram-HQ/(2942:2942): Se inicio el log del Proceso 3 [Mi-Ram-HQ]
[INFO] 20:02:20:227 Mi-Ram-HQ/(2942:2942): Se cargo la config de la RAM
[INFO] 20:02:20:230 Mi-Ram-HQ/(2942:2942): Servidor iniciado
[INFO] 20:02:24:540 Mi-Ram-HQ/(2942:2942): Recib√≠ una conexi√≥n en el socket 5

[INFO] 20:02:24:541 Mi-Ram-HQ/(2942:2942): Envie mensaje de confirmaci√≥n de recepci√≥n al Discordiador
[INFO] 20:02:24:543 Mi-Ram-HQ/(2942:2942): Algo mali√≥ sal al recibir el mensaje
[INFO] 20:05:45:804 Mi-Ram-HQ/(2966:2966): Se inicio el log del Proceso 3 [Mi-Ram-HQ]
[INFO] 20:05:45:809 Mi-Ram-HQ/(2966:2966): Se cargo la config de la RAM
[INFO] 20:05:45:811 Mi-Ram-HQ/(2966:2966): Servidor iniciado
[INFO] 20:05:53:037 Mi-Ram-HQ/(2966:2966): Recib√≠ una conexi√≥n en el socket 5
[INFO] 20:05:53:037 Mi-Ram-HQ/(2966:2966): Envie mensaje de confirmaci√≥n de recepci√≥n al Discordiador
[INFO] 20:05:53:038 Mi-Ram-HQ/(2966:2966): Algo mali√≥ sal al recibir el mensaje
[INFO] 20:07:04:742 Mi-Ram-HQ/(3013:3013): Se inicio el log del Proceso 3 [Mi-Ram-HQ]
[INFO] 20:07:04:745 Mi-Ram-HQ/(3013:3013): Se cargo la config de la RAM
[INFO] 20:07:04:746 Mi-Ram-HQ/(3013:3013): Servidor iniciado
[INFO] 20:07:08:271 Mi-Ram-HQ/(3013:3013): Recib√≠ una conexi√≥n en el socket 5
[INFO] 20:07:08:271 Mi-Ram-HQ/(3013:3013): Algo mali√≥ sal al conectar con Discordiador
[INFO] 20:07:08:273 Mi-Ram-HQ/(3013:3013): Algo mali√≥ sal al recibir el mensaje
[INFO] 20:08:42:396 Mi-Ram-HQ/(3039:3039): Se inicio el log del Proceso 3 [Mi-Ram-HQ]
[INFO] 20:08:42:399 Mi-Ram-HQ/(3039:3039): Se cargo la config de la RAM
[INFO] 20:08:42:399 Mi-Ram-HQ/(3039:3039): Servidor iniciado
[INFO] 20:08:44:924 Mi-Ram-HQ/(3039:3039): Recib√≠ una conexi√≥n en el socket 5
[INFO] 20:08:44:925 Mi-Ram-HQ/(3039:3039): Recib√≠ "soy " con peso de 4 bytes

[INFO] 20:08:44:925 Mi-Ram-HQ/(3039:3039): Algo mali√≥ sal al conectar con Discordiador
[INFO] 20:08:44:926 Mi-Ram-HQ/(3039:3039): Algo mali√≥ sal al recibir el mensaje
[INFO] 20:15:16:624 Mi-Ram-HQ/(3062:3062): Se inicio el log del Proceso 3 [Mi-Ram-HQ]
[INFO] 20:15:16:629 Mi-Ram-HQ/(3062:3062): Se cargo la config de la RAM
[INFO] 20:15:16:630 Mi-Ram-HQ/(3062:3062): Servidor iniciado
[INFO] 20:15:20:472 Mi-Ram-HQ/(3062:3062): Recib√≠ una conexi√≥n en el socket 5
[INFO] 20:15:20:473 Mi-Ram-HQ/(3062:3062): Recib√≠ "soy " con peso de 4 bytes
[ERROR] 20:15:20:474 Mi-Ram-HQ/(3062:3062): Algo mali√≥ sal al conectar con Discordiador
[ERROR] 20:15:20:477 Mi-Ram-HQ/(3062:3062): Algo mali√≥ sal al recibir el mensaje
[INFO] 20:23:43:185 Mi-Ram-HQ/(3129:3129): Se inicio el log del Proceso 3 [Mi-Ram-HQ]
[INFO] 20:23:43:190 Mi-Ram-HQ/(3129:3129): Se cargo la config de la RAM
[INFO] 20:23:43:190 Mi-Ram-HQ/(3129:3129): Servidor iniciado
[INFO] 20:24:15:747 Mi-Ram-HQ/(3129:3129): Recib√≠ una conexi√≥n en el socket 5
[INFO] 20:24:15:748 Mi-Ram-HQ/(3129:3129): Recib√≠ "soy " con peso de 4 bytes
[ERROR] 20:24:15:749 Mi-Ram-HQ/(3129:3129): Algo mali√≥ sal al conectar con Discordiador
[ERROR] 20:24:15:750 Mi-Ram-HQ/(3129:3129): Algo mali√≥ sal al recibir el mensaje
[INFO] 20:27:43:208 Mi-Ram-HQ/(3200:3200): Se inicio el log del Proceso 3 [Mi-Ram-HQ]
[INFO] 20:27:43:214 Mi-Ram-HQ/(3200:3200): Se cargo la config de la RAM
[INFO] 20:27:43:214 Mi-Ram-HQ/(3200:3200): Servidor iniciado
[INFO] 20:27:44:602 Mi-Ram-HQ/(3200:3200): Recib√≠ una conexi√≥n en el socket 5
[INFO] 20:27:44:602 Mi-Ram-HQ/(3200:3200): Recib√≠ "soy " con peso de 4 bytes
[ERROR] 20:27:44:603 Mi-Ram-HQ/(3200:3200): Algo mali√≥ sal al conectar con Discordiador
[ERROR] 20:27:44:604 Mi-Ram-HQ/(3200:3200): Algo mali√≥ sal al recibir el mensaje
[INFO] 20:28:16:278 Mi-Ram-HQ/(3206:3206): Se inicio el log del Proceso 3 [Mi-Ram-HQ]
[INFO] 20:28:16:281 Mi-Ram-HQ/(3206:3206): Se cargo la config de la RAM
[INFO] 20:28:16:282 Mi-Ram-HQ/(3206:3206): Servidor iniciado
[INFO] 20:28:21:255 Mi-Ram-HQ/(3206:3206): Recib√≠ una conexi√≥n en el socket 5
[INFO] 20:28:21:255 Mi-Ram-HQ/(3206:3206): Recib√≠ "soy " con peso de 4 bytes
[ERROR] 20:28:21:256 Mi-Ram-HQ/(3206:3206): Algo mali√≥ sal al conectar con Discordiador
[INFO] 20:29:27:618 Mi-Ram-HQ/(3235:3235): Se inicio el log del Proceso 3 [Mi-Ram-HQ]
[INFO] 20:29:27:621 Mi-Ram-HQ/(3235:3235): Se cargo la config de la RAM
[INFO] 20:29:27:622 Mi-Ram-HQ/(3235:3235): Servidor iniciado
[INFO] 20:29:33:948 Mi-Ram-HQ/(3235:3235): Recib√≠ una conexi√≥n en el socket 5
[INFO] 20:29:33:948 Mi-Ram-HQ/(3235:3235): Recib√≠ "soy " con peso de 4 bytes
[ERROR] 20:29:33:949 Mi-Ram-HQ/(3235:3235): Algo mali√≥ sal al conectar con Discordiador
[INFO] 20:32:18:314 Mi-Ram-HQ/(3299:3299): Se inicio el log del Proceso 3 [Mi-Ram-HQ]
[INFO] 20:32:18:319 Mi-Ram-HQ/(3299:3299): Se cargo la config de la RAM
[INFO] 20:32:18:320 Mi-Ram-HQ/(3299:3299): Servidor iniciado
[INFO] 20:32:20:001 Mi-Ram-HQ/(3299:3299): Recib√≠ una conexi√≥n en el socket 5
[INFO] 20:32:20:002 Mi-Ram-HQ/(3299:3299): Recib√≠ "soy " con peso de 4 bytes
[ERROR] 20:32:20:002 Mi-Ram-HQ/(3299:3299): Algo mali√≥ sal al conectar con Discordiador
[ERROR] 20:33:29:077 Mi-Ram-HQ/(3299:3299): Algo mali√≥ sal al recibir el mensaje
[INFO] 20:33:37:434 Mi-Ram-HQ/(3327:3327): Se inicio el log del Proceso 3 [Mi-Ram-HQ]
[INFO] 20:33:37:438 Mi-Ram-HQ/(3327:3327): Se cargo la config de la RAM
[INFO] 20:33:37:439 Mi-Ram-HQ/(3327:3327): Servidor iniciado
[INFO] 20:33:40:969 Mi-Ram-HQ/(3327:3327): Recib√≠ una conexi√≥n en el socket 5
[INFO] 20:33:40:970 Mi-Ram-HQ/(3327:3327): Recib√≠ "soy " con peso de 4 bytes
[ERROR] 20:33:40:970 Mi-Ram-HQ/(3327:3327): Algo mali√≥ sal al conectar con Discordiador
[ERROR] 20:37:07:666 Mi-Ram-HQ/(3327:3327): Algo mali√≥ sal al recibir el mensaje
